h:\aa uni\design and development of videogames\game development\motor2d-ui\motor2d-ui\motor2d\debug\vc140.pdb
h:\aa uni\design and development of videogames\game development\motor2d-ui\motor2d-ui\motor2d\debug\vc140.idb
h:\aa uni\design and development of videogames\game development\motor2d-ui\motor2d-ui\motor2d\debug\j1filesystem.obj
h:\aa uni\design and development of videogames\game development\motor2d-ui\motor2d-ui\motor2d\debug\j1fonts.obj
h:\aa uni\design and development of videogames\game development\motor2d-ui\motor2d-ui\motor2d\debug\j1gui.obj
h:\aa uni\design and development of videogames\game development\motor2d-ui\motor2d-ui\motor2d\debug\j1main.obj
h:\aa uni\design and development of videogames\game development\motor2d-ui\motor2d-ui\motor2d\debug\j1audio.obj
h:\aa uni\design and development of videogames\game development\motor2d-ui\motor2d-ui\motor2d\debug\j1input.obj
h:\aa uni\design and development of videogames\game development\motor2d-ui\motor2d-ui\motor2d\debug\j1map.obj
h:\aa uni\design and development of videogames\game development\motor2d-ui\motor2d-ui\motor2d\debug\j1pathfinding.obj
h:\aa uni\design and development of videogames\game development\motor2d-ui\motor2d-ui\motor2d\debug\j1perftimer.obj
h:\aa uni\design and development of videogames\game development\motor2d-ui\motor2d-ui\motor2d\debug\j1scene.obj
h:\aa uni\design and development of videogames\game development\motor2d-ui\motor2d-ui\motor2d\debug\j1timer.obj
h:\aa uni\design and development of videogames\game development\motor2d-ui\motor2d-ui\motor2d\debug\p2log.obj
h:\aa uni\design and development of videogames\game development\motor2d-ui\motor2d-ui\motor2d\debug\j1render.obj
h:\aa uni\design and development of videogames\game development\motor2d-ui\motor2d-ui\motor2d\debug\j1textures.obj
h:\aa uni\design and development of videogames\game development\motor2d-ui\motor2d-ui\motor2d\debug\j1window.obj
h:\aa uni\design and development of videogames\game development\motor2d-ui\motor2d-ui\motor2d\debug\pugixml.obj
h:\aa uni\design and development of videogames\game development\motor2d-ui\motor2d-ui\motor2d\debug\j1app.obj
h:\aa uni\design and development of videogames\game development\motor2d-ui\motor2d-ui\debug\development - class 11 handout.lib
h:\aa uni\design and development of videogames\game development\motor2d-ui\motor2d-ui\debug\development - class 11 handout.exp
h:\aa uni\design and development of videogames\game development\motor2d-ui\motor2d-ui\debug\development - class 11 handout.ilk
h:\aa uni\design and development of videogames\game development\motor2d-ui\motor2d-ui\debug\development - class 11 handout.exe
h:\aa uni\design and development of videogames\game development\motor2d-ui\motor2d-ui\debug\development - class 11 handout.pdb
h:\aa uni\design and development of videogames\game development\motor2d-ui\motor2d-ui\motor2d\debug\j1gui.obj.enc
h:\aa uni\design and development of videogames\game development\motor2d-ui\motor2d-ui\motor2d\debug\j1scene.obj.enc
h:\aa uni\design and development of videogames\game development\motor2d-ui\motor2d-ui\motor2d\debug\developm.2af9969b.tlog\cl.command.1.tlog
h:\aa uni\design and development of videogames\game development\motor2d-ui\motor2d-ui\motor2d\debug\developm.2af9969b.tlog\cl.read.1.tlog
h:\aa uni\design and development of videogames\game development\motor2d-ui\motor2d-ui\motor2d\debug\developm.2af9969b.tlog\cl.write.1.tlog
h:\aa uni\design and development of videogames\game development\motor2d-ui\motor2d-ui\motor2d\debug\developm.2af9969b.tlog\development - class 11 handout.write.1u.tlog
h:\aa uni\design and development of videogames\game development\motor2d-ui\motor2d-ui\motor2d\debug\developm.2af9969b.tlog\link.command.1.tlog
h:\aa uni\design and development of videogames\game development\motor2d-ui\motor2d-ui\motor2d\debug\developm.2af9969b.tlog\link.read.1.tlog
h:\aa uni\design and development of videogames\game development\motor2d-ui\motor2d-ui\motor2d\debug\developm.2af9969b.tlog\link.write.1.tlog
