c:\users\admin\documents\personal research\quadtree\exercise\motor2d\release\vc140.pdb
c:\users\admin\documents\personal research\quadtree\exercise\motor2d\release\pugixml.obj
c:\users\admin\documents\personal research\quadtree\exercise\motor2d\release\window.obj
c:\users\admin\documents\personal research\quadtree\exercise\motor2d\release\unit.obj
c:\users\admin\documents\personal research\quadtree\exercise\motor2d\release\textures.obj
c:\users\admin\documents\personal research\quadtree\exercise\motor2d\release\render.obj
c:\users\admin\documents\personal research\quadtree\exercise\motor2d\release\timer.obj
c:\users\admin\documents\personal research\quadtree\exercise\motor2d\release\scene.obj
c:\users\admin\documents\personal research\quadtree\exercise\motor2d\release\quadtree.obj
c:\users\admin\documents\personal research\quadtree\exercise\motor2d\release\perftimer.obj
c:\users\admin\documents\personal research\quadtree\exercise\motor2d\release\pathfinding.obj
c:\users\admin\documents\personal research\quadtree\exercise\motor2d\release\p2log.obj
c:\users\admin\documents\personal research\quadtree\exercise\motor2d\release\map.obj
c:\users\admin\documents\personal research\quadtree\exercise\motor2d\release\input.obj
c:\users\admin\documents\personal research\quadtree\exercise\motor2d\release\application.obj
c:\users\admin\documents\personal research\quadtree\exercise\motor2d\release\main.obj
c:\users\admin\documents\personal research\quadtree\exercise\motor2d\release\filesystem.obj
c:\users\admin\documents\personal research\quadtree\exercise\motor2d\release\entitymanager.obj
c:\users\admin\documents\personal research\quadtree\exercise\motor2d\release\entity.obj
c:\users\admin\documents\personal research\quadtree\exercise\motor2d\release\collision.obj
c:\users\admin\documents\personal research\quadtree\exercise\release\quadtree.exe
c:\users\admin\documents\personal research\quadtree\exercise\release\quadtree.ipdb
c:\users\admin\documents\personal research\quadtree\exercise\release\quadtree.iobj
c:\users\admin\documents\personal research\quadtree\exercise\release\quadtree.pdb
c:\users\admin\documents\personal research\quadtree\exercise\release\quadtree.lib
c:\users\admin\documents\personal research\quadtree\exercise\release\quadtree.exp
c:\users\admin\documents\personal research\quadtree\exercise\motor2d\release\quadtree.tlog\cl.command.1.tlog
c:\users\admin\documents\personal research\quadtree\exercise\motor2d\release\quadtree.tlog\cl.read.1.tlog
c:\users\admin\documents\personal research\quadtree\exercise\motor2d\release\quadtree.tlog\cl.write.1.tlog
c:\users\admin\documents\personal research\quadtree\exercise\motor2d\release\quadtree.tlog\link.command.1.tlog
c:\users\admin\documents\personal research\quadtree\exercise\motor2d\release\quadtree.tlog\link.read.1.tlog
c:\users\admin\documents\personal research\quadtree\exercise\motor2d\release\quadtree.tlog\link.write.1.tlog
c:\users\admin\documents\personal research\quadtree\exercise\motor2d\release\quadtree.tlog\quadtree.write.1u.tlog
